<?xml version="1.0" encoding="UTF-8"?>
<testsuite name="ModelTest" tests="4" skipped="0" failures="0" errors="0" timestamp="2022-04-10T12:17:58" hostname="Sauravs-MacBook-Pro.local" time="0.055">
  <properties/>
  <testcase name="testSum()" classname="ModelTest" time="0.044"/>
  <testcase name="testSubtract()" classname="ModelTest" time="0.001"/>
  <testcase name="testDivide()" classname="ModelTest" time="0.002"/>
  <testcase name="testMultiply()" classname="ModelTest" time="0.001"/>
  <system-out><![CDATA[]]></system-out>
  <system-err><![CDATA[]]></system-err>
</testsuite>
